mode: set
go-scheduler-api/internal/context/vars/vars.go:12.78,14.2 1 1
go-scheduler-api/internal/context/vars/vars.go:16.49,18.20 2 1
go-scheduler-api/internal/context/vars/vars.go:22.2,22.12 1 1
go-scheduler-api/internal/context/vars/vars.go:18.20,20.3 1 1
go-scheduler-api/internal/context/vars/vars.go:25.53,26.48 1 0
go-scheduler-api/internal/context/vars/vars.go:26.48,27.40 1 0
go-scheduler-api/internal/context/vars/vars.go:28.8,30.3 1 0
go-scheduler-api/internal/context/vars/vars.go:33.84,35.2 1 1
go-scheduler-api/internal/context/vars/vars.go:37.56,39.19 2 1
go-scheduler-api/internal/context/vars/vars.go:43.2,43.32 1 1
go-scheduler-api/internal/context/vars/vars.go:39.19,41.3 1 1
go-scheduler-api/internal/errors/error_handlers.go:17.63,25.4 1 1
go-scheduler-api/internal/errors/error_handlers.go:25.4,27.3 1 1
go-scheduler-api/internal/errors/error_handlers.go:30.49,38.4 1 1
go-scheduler-api/internal/errors/error_handlers.go:38.4,39.21 1 1
go-scheduler-api/internal/errors/error_handlers.go:40.35,44.9 2 1
go-scheduler-api/internal/errors/error_handlers.go:45.37,49.9 2 1
go-scheduler-api/internal/errors/error_handlers.go:50.11,52.9 2 1
go-scheduler-api/internal/errors/error_handlers.go:57.110,61.50 3 1
go-scheduler-api/internal/errors/error_handlers.go:61.50,64.3 2 1
go-scheduler-api/internal/errors/error_handlers.go:67.88,71.2 1 1
go-scheduler-api/internal/errors/errors.go:7.42,9.2 1 1
go-scheduler-api/internal/errors/errors.go:14.45,18.2 1 1
go-scheduler-api/internal/errors/errors.go:20.47,24.2 1 1
go-scheduler-api/internal/middleware/db_context.go:14.92,24.2 1 1
go-scheduler-api/internal/middleware/db_context.go:26.81,31.2 1 1
go-scheduler-api/internal/middleware/recover.go:14.90,15.15 1 1
go-scheduler-api/internal/middleware/recover.go:24.2,24.35 1 1
go-scheduler-api/internal/middleware/recover.go:15.15,16.35 1 1
go-scheduler-api/internal/middleware/recover.go:16.35,21.4 3 1
go-scheduler-api/internal/middleware/recover.go:27.59,31.2 1 1
go-scheduler-api/internal/middleware/request_logger.go:16.96,32.2 7 1
go-scheduler-api/internal/middleware/request_logger.go:34.92,39.2 1 1
go-scheduler-api/internal/middleware/request_logger.go:46.58,48.2 1 1
go-scheduler-api/internal/middleware/request_logger.go:50.70,52.2 1 1
go-scheduler-api/internal/middleware/request_logger.go:54.65,57.2 2 1
go-scheduler-api/internal/middleware/request_logger.go:59.50,61.2 1 1
go-scheduler-api/internal/middleware/request_logger.go:63.88,68.2 1 1
